level=INFO ts=2019-11-04T02:36:57.075068Z app=imageWebService source=sdk.go:328 msg="Logger successfully initialized"
level=INFO ts=2019-11-04T02:36:57.075721Z app=imageWebService source=sdk.go:347 msg="Clients initialized"
level=INFO ts=2019-11-04T02:36:57.076317Z app=imageWebService source=server.go:104 msg="Registering standard routes..."
level=INFO ts=2019-11-04T02:36:57.07661Z app=imageWebService source=telemetry.go:76 msg="Starting CPU Usage Average loop"
level=INFO ts=2019-11-04T02:36:57.077169Z app=imageWebService source=sdk.go:399 msg="MessageBus trigger selected"
level=INFO ts=2019-11-04T02:36:57.077777Z app=imageWebService source=messaging.go:46 msg="Initializing Message Bus Trigger. Subscribing to topic: events on port 5563 , Publish Topic: somewhere on port 5563"
level=INFO ts=2019-11-04T02:36:57.078719Z app=imageWebService source=sdk.go:148 msg="StoreAndForward disabled. Not running retry loop."
level=INFO ts=2019-11-04T02:36:57.079155Z app=imageWebService source=sdk.go:151 msg="This is the app sdk for goface service"
level=INFO ts=2019-11-04T02:36:57.079582Z app=imageWebService source=server.go:126 msg="Starting HTTP Server on port :48095"
level=ERROR ts=2019-11-04T02:36:57.206326Z app=imageWebService source=runtime.go:175 error="Post localhost:8080/edge/api: unsupported protocol scheme \"localhost\"" correlation-id=7978d90b-8303-4dad-a186-e2dab896e7e4 msg="Pipeline function #2 resulted in error"
level=ERROR ts=2019-11-04T02:36:58.207447Z app=imageWebService source=runtime.go:175 error="Post localhost:8080/edge/api: unsupported protocol scheme \"localhost\"" correlation-id=21ae52bc-26e1-4c72-8204-5df31749d0d5 msg="Pipeline function #2 resulted in error"
level=ERROR ts=2019-11-04T02:36:59.206437Z app=imageWebService source=runtime.go:175 error="Post localhost:8080/edge/api: unsupported protocol scheme \"localhost\"" correlation-id=5c1e53af-4958-4771-a446-b2fedcd2982c msg="Pipeline function #2 resulted in error"
level=ERROR ts=2019-11-04T02:37:00.220131Z app=imageWebService source=runtime.go:175 error="Post localhost:8080/edge/api: unsupported protocol scheme \"localhost\"" correlation-id=93664923-8663-44a3-bec1-c41186a7e8f0 msg="Pipeline function #2 resulted in error"
level=ERROR ts=2019-11-04T02:37:01.209817Z app=imageWebService source=runtime.go:175 error="Post localhost:8080/edge/api: unsupported protocol scheme \"localhost\"" correlation-id=9e6bc79f-3fee-4a93-9c09-b80a18f4b9a0 msg="Pipeline function #2 resulted in error"
level=INFO ts=2019-11-04T02:37:01.816126Z app=imageWebService source=sdk.go:164 msg="Terminating: interrupt"
level=INFO ts=2019-11-04T02:37:01.817803Z app=imageWebService source=telemetry.go:81 msg="Exiting CPU Usage Average loop"
level=INFO ts=2019-11-04T02:46:19.446683Z app=imageWebService source=sdk.go:328 msg="Logger successfully initialized"
level=INFO ts=2019-11-04T02:46:19.44742Z app=imageWebService source=sdk.go:347 msg="Clients initialized"
level=INFO ts=2019-11-04T02:46:19.44785Z app=imageWebService source=server.go:104 msg="Registering standard routes..."
level=INFO ts=2019-11-04T02:46:19.448023Z app=imageWebService source=telemetry.go:76 msg="Starting CPU Usage Average loop"
level=INFO ts=2019-11-04T02:46:19.448385Z app=imageWebService source=sdk.go:399 msg="MessageBus trigger selected"
level=INFO ts=2019-11-04T02:46:19.449015Z app=imageWebService source=messaging.go:46 msg="Initializing Message Bus Trigger. Subscribing to topic: events on port 5563 , Publish Topic: somewhere on port 5563"
level=INFO ts=2019-11-04T02:46:19.449779Z app=imageWebService source=sdk.go:148 msg="StoreAndForward disabled. Not running retry loop."
level=INFO ts=2019-11-04T02:46:19.450148Z app=imageWebService source=sdk.go:151 msg="This is the app sdk for goface service"
level=INFO ts=2019-11-04T02:46:19.450841Z app=imageWebService source=server.go:126 msg="Starting HTTP Server on port :48095"
level=ERROR ts=2019-11-04T02:46:20.372791Z app=imageWebService source=runtime.go:175 error="Post localhost:8080/edge/api: unsupported protocol scheme \"localhost\"" correlation-id=47f3e542-2c34-48d2-a49d-7c5aec4234d8 msg="Pipeline function #2 resulted in error"
level=ERROR ts=2019-11-04T02:46:21.385834Z app=imageWebService source=runtime.go:175 error="Post localhost:8080/edge/api: unsupported protocol scheme \"localhost\"" correlation-id=7759137e-ff0d-487d-bb3d-085aa1896d22 msg="Pipeline function #2 resulted in error"
level=ERROR ts=2019-11-04T02:46:22.380484Z app=imageWebService source=runtime.go:175 error="Post localhost:8080/edge/api: unsupported protocol scheme \"localhost\"" correlation-id=4f1838cf-2857-47c1-8a88-2c29774d2437 msg="Pipeline function #2 resulted in error"
level=ERROR ts=2019-11-04T02:46:23.394625Z app=imageWebService source=runtime.go:175 error="Post localhost:8080/edge/api: unsupported protocol scheme \"localhost\"" correlation-id=252addea-fa11-4011-9f32-19e412ac81d9 msg="Pipeline function #2 resulted in error"
level=INFO ts=2019-11-04T02:46:23.611892Z app=imageWebService source=sdk.go:164 msg="Terminating: interrupt"
level=INFO ts=2019-11-04T02:46:23.613651Z app=imageWebService source=telemetry.go:81 msg="Exiting CPU Usage Average loop"
level=INFO ts=2019-11-04T02:48:57.673677Z app=imageWebService source=sdk.go:328 msg="Logger successfully initialized"
level=INFO ts=2019-11-04T02:48:57.674167Z app=imageWebService source=sdk.go:347 msg="Clients initialized"
level=INFO ts=2019-11-04T02:48:57.674579Z app=imageWebService source=server.go:104 msg="Registering standard routes..."
level=INFO ts=2019-11-04T02:48:57.674669Z app=imageWebService source=telemetry.go:76 msg="Starting CPU Usage Average loop"
level=INFO ts=2019-11-04T02:48:57.675036Z app=imageWebService source=sdk.go:399 msg="MessageBus trigger selected"
level=INFO ts=2019-11-04T02:48:57.675385Z app=imageWebService source=messaging.go:46 msg="Initializing Message Bus Trigger. Subscribing to topic: events on port 5563 , Publish Topic: somewhere on port 5563"
level=INFO ts=2019-11-04T02:48:57.675952Z app=imageWebService source=sdk.go:148 msg="StoreAndForward disabled. Not running retry loop."
level=INFO ts=2019-11-04T02:48:57.676305Z app=imageWebService source=sdk.go:151 msg="This is the app sdk for goface service"
level=INFO ts=2019-11-04T02:48:57.676633Z app=imageWebService source=server.go:126 msg="Starting HTTP Server on port :48095"
level=INFO ts=2019-11-04T02:49:15.633997Z app=imageWebService source=sdk.go:164 msg="Terminating: interrupt"
level=INFO ts=2019-11-04T02:49:15.635788Z app=imageWebService source=telemetry.go:81 msg="Exiting CPU Usage Average loop"
level=INFO ts=2019-11-04T02:49:37.694237Z app=imageWebService source=sdk.go:328 msg="Logger successfully initialized"
level=INFO ts=2019-11-04T02:49:37.695137Z app=imageWebService source=sdk.go:347 msg="Clients initialized"
level=INFO ts=2019-11-04T02:49:37.695656Z app=imageWebService source=server.go:104 msg="Registering standard routes..."
level=INFO ts=2019-11-04T02:49:37.69572Z app=imageWebService source=telemetry.go:76 msg="Starting CPU Usage Average loop"
level=INFO ts=2019-11-04T02:49:37.696243Z app=imageWebService source=sdk.go:399 msg="MessageBus trigger selected"
level=INFO ts=2019-11-04T02:49:37.69682Z app=imageWebService source=messaging.go:46 msg="Initializing Message Bus Trigger. Subscribing to topic: events on port 5563 , Publish Topic: somewhere on port 5563"
level=INFO ts=2019-11-04T02:49:37.697755Z app=imageWebService source=sdk.go:148 msg="StoreAndForward disabled. Not running retry loop."
level=INFO ts=2019-11-04T02:49:37.698166Z app=imageWebService source=sdk.go:151 msg="This is the app sdk for goface service"
level=INFO ts=2019-11-04T02:49:37.698646Z app=imageWebService source=server.go:126 msg="Starting HTTP Server on port :48095"
level=INFO ts=2019-11-04T02:51:06.060814Z app=imageWebService source=sdk.go:164 msg="Terminating: interrupt"
level=INFO ts=2019-11-04T02:51:06.062892Z app=imageWebService source=telemetry.go:81 msg="Exiting CPU Usage Average loop"
level=INFO ts=2019-11-04T02:51:08.970419Z app=imageWebService source=sdk.go:328 msg="Logger successfully initialized"
level=INFO ts=2019-11-04T02:51:08.971224Z app=imageWebService source=sdk.go:347 msg="Clients initialized"
level=INFO ts=2019-11-04T02:51:08.971764Z app=imageWebService source=server.go:104 msg="Registering standard routes..."
level=INFO ts=2019-11-04T02:51:08.97188Z app=imageWebService source=telemetry.go:76 msg="Starting CPU Usage Average loop"
level=INFO ts=2019-11-04T02:51:08.972437Z app=imageWebService source=sdk.go:399 msg="MessageBus trigger selected"
level=INFO ts=2019-11-04T02:51:08.973038Z app=imageWebService source=messaging.go:46 msg="Initializing Message Bus Trigger. Subscribing to topic: events on port 5563 , Publish Topic: somewhere on port 5563"
level=INFO ts=2019-11-04T02:51:08.973884Z app=imageWebService source=sdk.go:148 msg="StoreAndForward disabled. Not running retry loop."
level=INFO ts=2019-11-04T02:51:08.974324Z app=imageWebService source=sdk.go:151 msg="This is the app sdk for goface service"
level=INFO ts=2019-11-04T02:51:08.974762Z app=imageWebService source=server.go:126 msg="Starting HTTP Server on port :48095"
level=INFO ts=2019-11-04T02:51:49.922054Z app=imageWebService source=sdk.go:164 msg="Terminating: interrupt"
level=INFO ts=2019-11-04T02:51:49.923794Z app=imageWebService source=telemetry.go:81 msg="Exiting CPU Usage Average loop"
level=INFO ts=2019-11-04T02:56:06.01637Z app=imageWebService source=sdk.go:328 msg="Logger successfully initialized"
level=INFO ts=2019-11-04T02:56:06.017163Z app=imageWebService source=sdk.go:347 msg="Clients initialized"
level=INFO ts=2019-11-04T02:56:06.017659Z app=imageWebService source=server.go:104 msg="Registering standard routes..."
level=INFO ts=2019-11-04T02:56:06.017737Z app=imageWebService source=telemetry.go:76 msg="Starting CPU Usage Average loop"
level=INFO ts=2019-11-04T02:56:06.018287Z app=imageWebService source=sdk.go:399 msg="MessageBus trigger selected"
level=INFO ts=2019-11-04T02:56:06.018893Z app=imageWebService source=messaging.go:46 msg="Initializing Message Bus Trigger. Subscribing to topic: events on port 5563 , Publish Topic: somewhere on port 5563"
level=INFO ts=2019-11-04T02:56:06.019866Z app=imageWebService source=sdk.go:148 msg="StoreAndForward disabled. Not running retry loop."
level=INFO ts=2019-11-04T02:56:06.020295Z app=imageWebService source=sdk.go:151 msg="This is the app sdk for goface service"
level=INFO ts=2019-11-04T02:56:06.020627Z app=imageWebService source=server.go:126 msg="Starting HTTP Server on port :48095"
level=INFO ts=2019-11-04T02:58:41.676895Z app=imageWebService source=sdk.go:164 msg="Terminating: interrupt"
level=INFO ts=2019-11-04T02:58:41.677714Z app=imageWebService source=telemetry.go:81 msg="Exiting CPU Usage Average loop"
level=INFO ts=2019-11-04T03:03:25.152589Z app=imageWebService source=sdk.go:328 msg="Logger successfully initialized"
level=INFO ts=2019-11-04T03:03:25.152989Z app=imageWebService source=sdk.go:347 msg="Clients initialized"
level=INFO ts=2019-11-04T03:03:25.153251Z app=imageWebService source=server.go:104 msg="Registering standard routes..."
level=INFO ts=2019-11-04T03:03:25.153336Z app=imageWebService source=telemetry.go:76 msg="Starting CPU Usage Average loop"
level=INFO ts=2019-11-04T03:03:25.15514Z app=imageWebService source=sdk.go:399 msg="MessageBus trigger selected"
level=INFO ts=2019-11-04T03:03:25.155534Z app=imageWebService source=messaging.go:46 msg="Initializing Message Bus Trigger. Subscribing to topic: events on port 5563 , Publish Topic: somewhere on port 5563"
level=INFO ts=2019-11-04T03:03:25.15611Z app=imageWebService source=sdk.go:148 msg="StoreAndForward disabled. Not running retry loop."
level=INFO ts=2019-11-04T03:03:25.156445Z app=imageWebService source=sdk.go:151 msg="This is the app sdk for goface service"
level=INFO ts=2019-11-04T03:03:25.156652Z app=imageWebService source=server.go:126 msg="Starting HTTP Server on port :48095"
level=INFO ts=2019-11-04T03:03:34.161198Z app=imageWebService source=sdk.go:164 msg="Terminating: interrupt"
level=INFO ts=2019-11-04T03:03:34.163266Z app=imageWebService source=telemetry.go:81 msg="Exiting CPU Usage Average loop"
level=INFO ts=2019-11-04T03:15:23.381518Z app=imageWebService source=sdk.go:328 msg="Logger successfully initialized"
level=INFO ts=2019-11-04T03:15:23.389027Z app=imageWebService source=sdk.go:347 msg="Clients initialized"
level=INFO ts=2019-11-04T03:15:23.395447Z app=imageWebService source=server.go:104 msg="Registering standard routes..."
level=INFO ts=2019-11-04T03:15:23.395518Z app=imageWebService source=telemetry.go:76 msg="Starting CPU Usage Average loop"
level=INFO ts=2019-11-04T03:15:23.396337Z app=imageWebService source=sdk.go:399 msg="MessageBus trigger selected"
level=INFO ts=2019-11-04T03:15:23.39694Z app=imageWebService source=messaging.go:46 msg="Initializing Message Bus Trigger. Subscribing to topic: events on port 5563 , Publish Topic: somewhere on port 5563"
level=INFO ts=2019-11-04T03:15:23.403605Z app=imageWebService source=sdk.go:148 msg="StoreAndForward disabled. Not running retry loop."
level=INFO ts=2019-11-04T03:15:23.40396Z app=imageWebService source=sdk.go:151 msg="This is the app sdk for goface service"
level=INFO ts=2019-11-04T03:15:23.404467Z app=imageWebService source=server.go:126 msg="Starting HTTP Server on port :48095"
level=INFO ts=2019-11-04T03:16:03.929403Z app=imageWebService source=sdk.go:164 msg="Terminating: interrupt"
level=INFO ts=2019-11-04T03:16:03.931406Z app=imageWebService source=telemetry.go:81 msg="Exiting CPU Usage Average loop"
level=INFO ts=2019-11-04T03:18:19.348506Z app=imageWebService source=sdk.go:328 msg="Logger successfully initialized"
level=INFO ts=2019-11-04T03:18:19.349713Z app=imageWebService source=sdk.go:347 msg="Clients initialized"
level=INFO ts=2019-11-04T03:18:19.350272Z app=imageWebService source=server.go:104 msg="Registering standard routes..."
level=INFO ts=2019-11-04T03:18:19.350344Z app=imageWebService source=telemetry.go:76 msg="Starting CPU Usage Average loop"
level=INFO ts=2019-11-04T03:18:19.350816Z app=imageWebService source=sdk.go:399 msg="MessageBus trigger selected"
level=INFO ts=2019-11-04T03:18:19.351342Z app=imageWebService source=messaging.go:46 msg="Initializing Message Bus Trigger. Subscribing to topic: events on port 5563 , Publish Topic: somewhere on port 5563"
level=INFO ts=2019-11-04T03:18:19.352043Z app=imageWebService source=sdk.go:148 msg="StoreAndForward disabled. Not running retry loop."
level=INFO ts=2019-11-04T03:18:19.352266Z app=imageWebService source=sdk.go:151 msg="This is the app sdk for goface service"
level=INFO ts=2019-11-04T03:18:19.352659Z app=imageWebService source=server.go:126 msg="Starting HTTP Server on port :48095"
level=INFO ts=2019-11-04T03:18:28.437649Z app=imageWebService source=sdk.go:164 msg="Terminating: interrupt"
level=INFO ts=2019-11-04T03:18:28.43937Z app=imageWebService source=telemetry.go:81 msg="Exiting CPU Usage Average loop"
level=INFO ts=2019-11-04T03:21:05.87317Z app=imageWebService source=sdk.go:328 msg="Logger successfully initialized"
level=INFO ts=2019-11-04T03:21:05.874461Z app=imageWebService source=sdk.go:347 msg="Clients initialized"
level=INFO ts=2019-11-04T03:21:05.880514Z app=imageWebService source=server.go:104 msg="Registering standard routes..."
level=INFO ts=2019-11-04T03:21:05.880579Z app=imageWebService source=telemetry.go:76 msg="Starting CPU Usage Average loop"
level=INFO ts=2019-11-04T03:21:05.881038Z app=imageWebService source=sdk.go:399 msg="MessageBus trigger selected"
level=INFO ts=2019-11-04T03:21:05.88152Z app=imageWebService source=messaging.go:46 msg="Initializing Message Bus Trigger. Subscribing to topic: events on port 5563 , Publish Topic: somewhere on port 5563"
level=INFO ts=2019-11-04T03:21:05.91234Z app=imageWebService source=sdk.go:148 msg="StoreAndForward disabled. Not running retry loop."
level=INFO ts=2019-11-04T03:21:05.912636Z app=imageWebService source=sdk.go:151 msg="This is the app sdk for goface service"
level=INFO ts=2019-11-04T03:21:05.913137Z app=imageWebService source=server.go:126 msg="Starting HTTP Server on port :48095"
level=INFO ts=2019-11-04T03:21:26.339767Z app=imageWebService source=sdk.go:164 msg="Terminating: interrupt"
level=INFO ts=2019-11-04T03:21:26.341815Z app=imageWebService source=telemetry.go:81 msg="Exiting CPU Usage Average loop"
level=INFO ts=2019-11-04T03:21:42.257833Z app=imageWebService source=sdk.go:328 msg="Logger successfully initialized"
level=INFO ts=2019-11-04T03:21:42.258522Z app=imageWebService source=sdk.go:347 msg="Clients initialized"
level=INFO ts=2019-11-04T03:21:42.258856Z app=imageWebService source=server.go:104 msg="Registering standard routes..."
level=INFO ts=2019-11-04T03:21:42.258891Z app=imageWebService source=telemetry.go:76 msg="Starting CPU Usage Average loop"
level=INFO ts=2019-11-04T03:21:42.259287Z app=imageWebService source=sdk.go:399 msg="MessageBus trigger selected"
level=INFO ts=2019-11-04T03:21:42.259562Z app=imageWebService source=messaging.go:46 msg="Initializing Message Bus Trigger. Subscribing to topic: events on port 5563 , Publish Topic: somewhere on port 5563"
level=INFO ts=2019-11-04T03:21:42.260165Z app=imageWebService source=sdk.go:148 msg="StoreAndForward disabled. Not running retry loop."
level=INFO ts=2019-11-04T03:21:42.260497Z app=imageWebService source=sdk.go:151 msg="This is the app sdk for goface service"
level=INFO ts=2019-11-04T03:21:42.26133Z app=imageWebService source=server.go:126 msg="Starting HTTP Server on port :48095"
level=INFO ts=2019-11-04T03:21:47.435404Z app=imageWebService source=sdk.go:164 msg="Terminating: interrupt"
level=INFO ts=2019-11-04T03:21:47.437175Z app=imageWebService source=telemetry.go:81 msg="Exiting CPU Usage Average loop"
level=INFO ts=2019-11-04T03:21:51.068565Z app=imageWebService source=sdk.go:328 msg="Logger successfully initialized"
level=INFO ts=2019-11-04T03:21:51.069256Z app=imageWebService source=sdk.go:347 msg="Clients initialized"
level=INFO ts=2019-11-04T03:21:51.070348Z app=imageWebService source=server.go:104 msg="Registering standard routes..."
level=INFO ts=2019-11-04T03:21:51.070486Z app=imageWebService source=telemetry.go:76 msg="Starting CPU Usage Average loop"
level=INFO ts=2019-11-04T03:21:51.070858Z app=imageWebService source=sdk.go:399 msg="MessageBus trigger selected"
level=INFO ts=2019-11-04T03:21:51.071343Z app=imageWebService source=messaging.go:46 msg="Initializing Message Bus Trigger. Subscribing to topic: events on port 5563 , Publish Topic: somewhere on port 5563"
level=INFO ts=2019-11-04T03:21:51.072194Z app=imageWebService source=sdk.go:148 msg="StoreAndForward disabled. Not running retry loop."
level=INFO ts=2019-11-04T03:21:51.072808Z app=imageWebService source=sdk.go:151 msg="This is the app sdk for goface service"
level=INFO ts=2019-11-04T03:21:51.073371Z app=imageWebService source=server.go:126 msg="Starting HTTP Server on port :48095"
level=INFO ts=2019-11-04T03:22:49.028961Z app=imageWebService source=sdk.go:164 msg="Terminating: interrupt"
level=INFO ts=2019-11-04T03:22:49.031019Z app=imageWebService source=telemetry.go:81 msg="Exiting CPU Usage Average loop"
