level=INFO ts=2019-11-04T00:43:24.281068Z app=device-goface source=init.go:137 msg="Check Metadata service's status ..."
level=INFO ts=2019-11-04T00:43:24.281062Z app=device-goface source=init.go:137 msg="Check Data service's status ..."
level=INFO ts=2019-11-04T00:43:24.286677Z app=device-goface source=init.go:47 msg="Service clients initialize successful."
level=INFO ts=2019-11-04T00:43:24.307072Z app=device-goface source=service.go:149 msg="Device Service device-goface exists"
level=INFO ts=2019-11-04T00:43:24.349464Z app=device-goface source=service.go:120 msg="*Service Start() called, name=device-goface, version=1.0.0"
level=INFO ts=2019-11-04T00:43:24.349901Z app=device-goface source=service.go:126 msg="Listening on port: 49990"
level=INFO ts=2019-11-04T00:43:24.350253Z app=device-goface source=service.go:127 msg="Service started in: 70.427476ms"
level=INFO ts=2019-11-04T01:00:10.98315Z app=device-goface source=init.go:137 msg="Check Metadata service's status ..."
level=INFO ts=2019-11-04T01:00:10.983155Z app=device-goface source=init.go:137 msg="Check Data service's status ..."
level=INFO ts=2019-11-04T01:00:10.989653Z app=device-goface source=init.go:47 msg="Service clients initialize successful."
level=INFO ts=2019-11-04T01:00:11.020144Z app=device-goface source=service.go:142 msg="Device Service  doesn't exist, creating a new one"
level=INFO ts=2019-11-04T01:00:11.024335Z app=device-goface source=service.go:198 msg="Addressable device-goface doesn't exist, creating a new one"
level=INFO ts=2019-11-04T01:00:11.126859Z app=device-goface source=service.go:120 msg="*Service Start() called, name=device-goface, version=1.0.0"
level=INFO ts=2019-11-04T01:00:11.127227Z app=device-goface source=service.go:126 msg="Listening on port: 49990"
level=INFO ts=2019-11-04T01:00:11.127488Z app=device-goface source=service.go:127 msg="Service started in: 145.391649ms"
level=INFO ts=2019-11-04T01:03:09.202578Z app=device-goface source=init.go:137 msg="Check Data service's status ..."
level=INFO ts=2019-11-04T01:03:09.202583Z app=device-goface source=init.go:137 msg="Check Metadata service's status ..."
level=INFO ts=2019-11-04T01:03:09.20873Z app=device-goface source=init.go:47 msg="Service clients initialize successful."
level=INFO ts=2019-11-04T01:03:09.226479Z app=device-goface source=service.go:149 msg="Device Service device-goface exists"
level=INFO ts=2019-11-04T01:03:09.272403Z app=device-goface source=service.go:120 msg="*Service Start() called, name=device-goface, version=1.0.0"
level=INFO ts=2019-11-04T01:03:09.272808Z app=device-goface source=service.go:126 msg="Listening on port: 49990"
level=INFO ts=2019-11-04T01:03:09.2731Z app=device-goface source=service.go:127 msg="Service started in: 71.701097ms"
level=INFO ts=2019-11-04T01:10:59.544293Z app=device-goface source=init.go:137 msg="Check Metadata service's status ..."
level=INFO ts=2019-11-04T01:10:59.544298Z app=device-goface source=init.go:137 msg="Check Data service's status ..."
level=INFO ts=2019-11-04T01:10:59.552587Z app=device-goface source=init.go:47 msg="Service clients initialize successful."
level=INFO ts=2019-11-04T01:10:59.572958Z app=device-goface source=service.go:142 msg="Device Service  doesn't exist, creating a new one"
level=INFO ts=2019-11-04T01:10:59.576898Z app=device-goface source=service.go:198 msg="Addressable device-goface doesn't exist, creating a new one"
level=INFO ts=2019-11-04T01:10:59.645234Z app=device-goface source=service.go:120 msg="*Service Start() called, name=device-goface, version=1.0.0"
level=INFO ts=2019-11-04T01:10:59.645865Z app=device-goface source=service.go:126 msg="Listening on port: 49990"
level=INFO ts=2019-11-04T01:10:59.64643Z app=device-goface source=service.go:127 msg="Service started in: 103.524633ms"
level=INFO ts=2019-11-04T01:15:55.073285Z app=device-goface source=init.go:137 msg="Check Metadata service's status ..."
level=INFO ts=2019-11-04T01:15:55.073692Z app=device-goface source=init.go:137 msg="Check Data service's status ..."
level=INFO ts=2019-11-04T01:15:55.082655Z app=device-goface source=init.go:47 msg="Service clients initialize successful."
level=INFO ts=2019-11-04T01:15:55.111906Z app=device-goface source=service.go:142 msg="Device Service  doesn't exist, creating a new one"
level=INFO ts=2019-11-04T01:15:55.117681Z app=device-goface source=service.go:198 msg="Addressable device-goface doesn't exist, creating a new one"
level=INFO ts=2019-11-04T01:15:55.210294Z app=device-goface source=service.go:120 msg="*Service Start() called, name=device-goface, version=1.0.0"
level=INFO ts=2019-11-04T01:15:55.210935Z app=device-goface source=service.go:126 msg="Listening on port: 49990"
level=INFO ts=2019-11-04T01:15:55.211219Z app=device-goface source=service.go:127 msg="Service started in: 139.112913ms"
level=INFO ts=2019-11-04T01:25:30.456977Z app=device-goface source=init.go:137 msg="Check Metadata service's status ..."
level=INFO ts=2019-11-04T01:25:30.457142Z app=device-goface source=init.go:137 msg="Check Data service's status ..."
level=INFO ts=2019-11-04T01:25:30.463207Z app=device-goface source=init.go:47 msg="Service clients initialize successful."
level=INFO ts=2019-11-04T01:25:30.481788Z app=device-goface source=service.go:149 msg="Device Service device-goface exists"
level=INFO ts=2019-11-04T01:25:30.502851Z app=device-goface source=service.go:120 msg="*Service Start() called, name=device-goface, version=1.0.0"
level=INFO ts=2019-11-04T01:25:30.503149Z app=device-goface source=service.go:126 msg="Listening on port: 49990"
level=INFO ts=2019-11-04T01:25:30.503421Z app=device-goface source=service.go:127 msg="Service started in: 47.625171ms"
